<?xml version="1.0" encoding="UTF-8"?>
<!-- Generated by org.testng.reporters.JUnitXMLReporter -->
<testsuite ignored="0" hostname="LAPTOP-TTO823IE" failures="0" tests="4" name="Default test" time="47.141" errors="0" timestamp="09 Sep 2022 10:30:20 GMT">
  <testcase classname="TestCase.TestCase" name="searchHotel" time="2.003"/>
  <testcase classname="TestCase.TestCase" name="selectHotel" time="1.02"/>
  <testcase classname="TestCase.TestCase" name="bookAHotel" time="0.978"/>
  <testcase classname="TestCase.TestCase" name="printOrderNo" time="7.025"/>
</testsuite> <!-- Default test -->
