<?xml version="1.0" encoding="UTF-8"?>
<testng-results ignored="0" total="4" passed="4" failed="0" skipped="0">
  <reporter-output>
  </reporter-output>
  <suite started-at="2022-09-09T10:29:33Z" name="Default suite" finished-at="2022-09-09T10:30:20Z" duration-ms="47141">
    <groups>
    </groups>
    <test started-at="2022-09-09T10:29:33Z" name="Default test" finished-at="2022-09-09T10:30:20Z" duration-ms="47141">
      <class name="TestCase.TestCase">
        <test-method is-config="true" signature="timeStamp()[pri:0, instance:TestCase.TestCase@71329995]" started-at="2022-09-09T10:29:33Z" name="timeStamp" finished-at="2022-09-09T10:29:33Z" duration-ms="109" status="PASS">
          <reporter-output>
          </reporter-output>
        </test-method> <!-- timeStamp -->
        <test-method is-config="true" signature="driverIni()[pri:0, instance:TestCase.TestCase@71329995]" started-at="2022-09-09T10:29:33Z" name="driverIni" finished-at="2022-09-09T10:30:01Z" duration-ms="28086" status="PASS">
          <reporter-output>
          </reporter-output>
        </test-method> <!-- driverIni -->
        <test-method is-config="true" signature="login()[pri:0, instance:TestCase.TestCase@71329995]" started-at="2022-09-09T10:30:01Z" name="login" finished-at="2022-09-09T10:30:09Z" duration-ms="7734" status="PASS">
          <reporter-output>
          </reporter-output>
        </test-method> <!-- login -->
        <test-method signature="searchHotel()[pri:0, instance:TestCase.TestCase@71329995]" started-at="2022-09-09T10:30:09Z" name="searchHotel" finished-at="2022-09-09T10:30:11Z" duration-ms="2003" status="PASS">
          <reporter-output>
          </reporter-output>
        </test-method> <!-- searchHotel -->
        <test-method signature="selectHotel()[pri:1, instance:TestCase.TestCase@71329995]" started-at="2022-09-09T10:30:11Z" name="selectHotel" finished-at="2022-09-09T10:30:12Z" duration-ms="1020" status="PASS">
          <reporter-output>
          </reporter-output>
        </test-method> <!-- selectHotel -->
        <test-method signature="bookAHotel()[pri:2, instance:TestCase.TestCase@71329995]" started-at="2022-09-09T10:30:12Z" name="bookAHotel" finished-at="2022-09-09T10:30:13Z" duration-ms="978" status="PASS">
          <reporter-output>
          </reporter-output>
        </test-method> <!-- bookAHotel -->
        <test-method signature="printOrderNo()[pri:3, instance:TestCase.TestCase@71329995]" started-at="2022-09-09T10:30:13Z" name="printOrderNo" finished-at="2022-09-09T10:30:20Z" duration-ms="7025" status="PASS">
          <reporter-output>
          </reporter-output>
        </test-method> <!-- printOrderNo -->
        <test-method is-config="true" signature="driverClose()[pri:0, instance:TestCase.TestCase@71329995]" started-at="2022-09-09T10:30:20Z" name="driverClose" finished-at="2022-09-09T10:30:20Z" duration-ms="216" status="PASS">
          <reporter-output>
          </reporter-output>
        </test-method> <!-- driverClose -->
        <test-method is-config="true" signature="timeStamp01()[pri:0, instance:TestCase.TestCase@71329995]" started-at="2022-09-09T10:30:20Z" name="timeStamp01" finished-at="2022-09-09T10:30:20Z" duration-ms="1" status="PASS">
          <reporter-output>
          </reporter-output>
        </test-method> <!-- timeStamp01 -->
      </class> <!-- TestCase.TestCase -->
    </test> <!-- Default test -->
  </suite> <!-- Default suite -->
</testng-results>
